Using pre-set license
Built from '2020.3/staging' branch; Version is '2020.3.17f1 (a4537701e4ab) revision 10769271'; Using compiler version '192528614'; Build Type 'Release'
OS: 'Windows 10 Home; OS build 19043.1165; Version 2009; 64bit' Language: 'ja' Physical Memory: 16253 MB
BatchMode: 1, IsHumanControllingUs: 0, StartBugReporterOnCrash: 0, Is64bit: 1, IsPro: 0

COMMAND LINE ARGUMENTS:
C:\Program Files\Unity\Hub\Editor\2020.3.17f1\Editor\Unity.exe
-adb2
-batchMode
-noUpm
-name
AssetImportWorker1
-projectPath
C:/Users/BRAK/Desktop/BlockBreak
-logFile
Logs/AssetImportWorker1.log
-srvPort
63496
Successfully changed project path to: C:/Users/BRAK/Desktop/BlockBreak
C:/Users/BRAK/Desktop/BlockBreak
Using Asset Import Pipeline V2.
Refreshing native plugins compatible for Editor in 36.65 ms, found 3 plugins.
Preloading 0 native plugins for Editor in 0.00 ms.
Initialize engine version: 2020.3.17f1 (a4537701e4ab)
[Subsystems] Discovering subsystems at path C:/Program Files/Unity/Hub/Editor/2020.3.17f1/Editor/Data/Resources/UnitySubsystems
[Subsystems] Discovering subsystems at path C:/Users/BRAK/Desktop/BlockBreak/Assets
GfxDevice: creating device client; threaded=0
Direct3D:
    Version:  Direct3D 11.0 [level 11.1]
    Renderer: NVIDIA GeForce RTX 2070 SUPER (ID=0x1e84)
    Vendor:   
    VRAM:     8011 MB
    Driver:   27.21.14.5671
Initialize mono
Mono path[0] = 'C:/Program Files/Unity/Hub/Editor/2020.3.17f1/Editor/Data/Managed'
Mono path[1] = 'C:/Program Files/Unity/Hub/Editor/2020.3.17f1/Editor/Data/MonoBleedingEdge/lib/mono/unityjit'
Mono config path = 'C:/Program Files/Unity/Hub/Editor/2020.3.17f1/Editor/Data/MonoBleedingEdge/etc'
Using monoOptions --debugger-agent=transport=dt_socket,embedding=1,server=y,suspend=n,address=127.0.0.1:56884
Begin MonoManager ReloadAssembly
Registering precompiled unity dll's ...
Register platform support module: C:/Program Files/Unity/Hub/Editor/2020.3.17f1/Editor/Data/PlaybackEngines/WebGLSupport/UnityEditor.WebGL.Extensions.dll
Register platform support module: C:/Program Files/Unity/Hub/Editor/2020.3.17f1/Editor/Data/PlaybackEngines/WindowsStandaloneSupport/UnityEditor.WindowsStandalone.Extensions.dll
Registered in 0.002005 seconds.
Native extension for WindowsStandalone target not found
Native extension for WebGL target not found
Refreshing native plugins compatible for Editor in 36.96 ms, found 3 plugins.
Preloading 0 native plugins for Editor in 0.00 ms.
Mono: successfully reloaded assembly
- Completed reload, in  1.182 seconds
Domain Reload Profiling:
	ReloadAssembly (1182ms)
		BeginReloadAssembly (50ms)
			ExecutionOrderSort (0ms)
			DisableScriptedObjects (0ms)
			BackupInstance (0ms)
			ReleaseScriptingObjects (0ms)
			CreateAndSetChildDomain (1ms)
		EndReloadAssembly (379ms)
			LoadAssemblies (48ms)
			RebuildTransferFunctionScriptingTraits (0ms)
			SetupTypeCache (134ms)
			ReleaseScriptCaches (0ms)
			RebuildScriptCaches (31ms)
			SetupLoadedEditorAssemblies (151ms)
				LogAssemblyErrors (0ms)
				InitializePlatformSupportModulesInManaged (4ms)
				SetLoadedEditorAssemblies (0ms)
				RefreshPlugins (37ms)
				BeforeProcessingInitializeOnLoad (15ms)
				ProcessInitializeOnLoadAttributes (70ms)
				ProcessInitializeOnLoadMethodAttributes (25ms)
				AfterProcessingInitializeOnLoad (0ms)
				EditorAssembliesLoaded (0ms)
			ExecutionOrderSort2 (0ms)
			AwakeInstancesAfterBackupRestoration (0ms)
Platform modules already initialized, skipping
Registering precompiled user dll's ...
Registered in 0.003245 seconds.
Begin MonoManager ReloadAssembly
Native extension for WindowsStandalone target not found
Native extension for WebGL target not found
Refreshing native plugins compatible for Editor in 36.01 ms, found 3 plugins.
Preloading 0 native plugins for Editor in 0.00 ms.
Mono: successfully reloaded assembly
- Completed reload, in  1.061 seconds
Domain Reload Profiling:
	ReloadAssembly (1062ms)
		BeginReloadAssembly (127ms)
			ExecutionOrderSort (0ms)
			DisableScriptedObjects (5ms)
			BackupInstance (0ms)
			ReleaseScriptingObjects (0ms)
			CreateAndSetChildDomain (15ms)
		EndReloadAssembly (880ms)
			LoadAssemblies (74ms)
			RebuildTransferFunctionScriptingTraits (0ms)
			SetupTypeCache (242ms)
			ReleaseScriptCaches (0ms)
			RebuildScriptCaches (47ms)
			SetupLoadedEditorAssemblies (405ms)
				LogAssemblyErrors (0ms)
				InitializePlatformSupportModulesInManaged (4ms)
				SetLoadedEditorAssemblies (0ms)
				RefreshPlugins (36ms)
				BeforeProcessingInitializeOnLoad (77ms)
				ProcessInitializeOnLoadAttributes (269ms)
				ProcessInitializeOnLoadMethodAttributes (13ms)
				AfterProcessingInitializeOnLoad (5ms)
				EditorAssembliesLoaded (0ms)
			ExecutionOrderSort2 (0ms)
			AwakeInstancesAfterBackupRestoration (6ms)
Platform modules already initialized, skipping
========================================================================
Worker process is ready to serve import requests
Launched and connected shader compiler UnityShaderCompiler.exe after 0.06 seconds
Refreshing native plugins compatible for Editor in 0.47 ms, found 3 plugins.
Preloading 0 native plugins for Editor in 0.00 ms.
Unloading 2097 Unused Serialized files (Serialized files now loaded: 0)
System memory in use before: 93.4 MB.
System memory in use after: 93.5 MB.

Unloading 28 unused Assets to reduce memory usage. Loaded Objects now: 2536.
Total: 2.672600 ms (FindLiveObjects: 0.143300 ms CreateObjectMapping: 0.054700 ms MarkObjects: 2.397800 ms  DeleteObjects: 0.075900 ms)

AssetImportParameters requested are different than current active one (requested -> active):
  custom:framework-win-MediaFoundation: 216162199b28c13a410421893ffa2e32 -> 
  custom:video-decoder-ogg-theora: a1e56fd34408186e4bbccfd4996cb3dc -> 
  custom:container-muxer-webm: aa71ff27fc2769a1b78a27578f13a17b -> 
  custom:container-demuxer-webm: 4f35f7cbe854078d1ac9338744f61a02 -> 
  custom:container-demuxer-ogg: 62fdf1f143b41e24485cea50d1cbac27 -> 
  custom:video-encoder-webm-vp8: eb34c28f22e8b96e1ab97ce403110664 -> 
  custom:video-codec-MediaFoundation-h265: 746d11721c4dcdbdad8f713fa42b33f4 -> 
  custom:video-decoder-webm-vp8: 9c59270c3fd7afecdb556c50c9e8de78 -> 
  custom:audio-decoder-ogg-vorbis: bf7c407c2cedff20999df2af8eb42d56 -> 
  custom:audio-encoder-webm-vorbis: bf7c407c2cedff20999df2af8eb42d56 -> 
========================================================================
Received Import Request.
  path: Assets/Script/Shot/ShotBase.cs
  artifactKey: Guid(2fda037ea46105843a9177c31ffce984) Importer(815301076,1909f56bfc062723c751e8b465ee728b)
Start importing Assets/Script/Shot/ShotBase.cs using Guid(2fda037ea46105843a9177c31ffce984) Importer(815301076,1909f56bfc062723c751e8b465ee728b)  -> (artifact id: '82f74976d20bdb55fc4fab65d6750e79') in 0.014737 seconds 
  Import took 0.017423 seconds .

========================================================================
Received Import Request.
  Time since last request: 30.436868 seconds.
  path: Assets/Script/Shot/ShotBase.cs
  artifactKey: Guid(2fda037ea46105843a9177c31ffce984) Importer(815301076,1909f56bfc062723c751e8b465ee728b)
Start importing Assets/Script/Shot/ShotBase.cs using Guid(2fda037ea46105843a9177c31ffce984) Importer(815301076,1909f56bfc062723c751e8b465ee728b)  -> (artifact id: '9558583778e394e540d4116a3019e304') in 0.001850 seconds 
  Import took 0.004847 seconds .

========================================================================
Received Import Request.
  Time since last request: 0.003156 seconds.
  path: Assets/Script/Shot/ShotBase.cs
  artifactKey: Guid(2fda037ea46105843a9177c31ffce984) Importer(815301076,1909f56bfc062723c751e8b465ee728b)
Start importing Assets/Script/Shot/ShotBase.cs using Guid(2fda037ea46105843a9177c31ffce984) Importer(815301076,1909f56bfc062723c751e8b465ee728b)  -> (artifact id: '9558583778e394e540d4116a3019e304') in 0.002768 seconds 
  Import took 0.007095 seconds .

========================================================================
Received Import Request.
  Time since last request: 8.202994 seconds.
  path: Assets/Script/Shot/ShotBase.cs
  artifactKey: Guid(2fda037ea46105843a9177c31ffce984) Importer(815301076,1909f56bfc062723c751e8b465ee728b)
Start importing Assets/Script/Shot/ShotBase.cs using Guid(2fda037ea46105843a9177c31ffce984) Importer(815301076,1909f56bfc062723c751e8b465ee728b)  -> (artifact id: '1381c405953862a7f439cb1608063919') in 0.001936 seconds 
  Import took 0.004836 seconds .

========================================================================
Received Import Request.
  Time since last request: 0.002665 seconds.
  path: Assets/Script/Shot/ShotBase.cs
  artifactKey: Guid(2fda037ea46105843a9177c31ffce984) Importer(815301076,1909f56bfc062723c751e8b465ee728b)
Start importing Assets/Script/Shot/ShotBase.cs using Guid(2fda037ea46105843a9177c31ffce984) Importer(815301076,1909f56bfc062723c751e8b465ee728b)  -> (artifact id: '1381c405953862a7f439cb1608063919') in 0.001968 seconds 
  Import took 0.005436 seconds .

========================================================================
Received Import Request.
  Time since last request: 75.673404 seconds.
  path: Assets/Script/Shot/ShotBase.cs
  artifactKey: Guid(2fda037ea46105843a9177c31ffce984) Importer(815301076,1909f56bfc062723c751e8b465ee728b)
Start importing Assets/Script/Shot/ShotBase.cs using Guid(2fda037ea46105843a9177c31ffce984) Importer(815301076,1909f56bfc062723c751e8b465ee728b)  -> (artifact id: '05eb9785b9e4bafeb7fbd3c7a2934e1c') in 0.002110 seconds 
  Import took 0.005149 seconds .

========================================================================
Received Import Request.
  Time since last request: 93.026272 seconds.
  path: Assets/Script/Shot/ShotBase.cs
  artifactKey: Guid(2fda037ea46105843a9177c31ffce984) Importer(815301076,1909f56bfc062723c751e8b465ee728b)
Start importing Assets/Script/Shot/ShotBase.cs using Guid(2fda037ea46105843a9177c31ffce984) Importer(815301076,1909f56bfc062723c751e8b465ee728b)  -> (artifact id: '6d30afb3ea37613cf90e714d4c133fee') in 0.001842 seconds 
  Import took 0.005881 seconds .

========================================================================
Received Import Request.
  Time since last request: 0.001512 seconds.
  path: Assets/Script/Shot/ShotBase.cs
  artifactKey: Guid(2fda037ea46105843a9177c31ffce984) Importer(815301076,1909f56bfc062723c751e8b465ee728b)
Start importing Assets/Script/Shot/ShotBase.cs using Guid(2fda037ea46105843a9177c31ffce984) Importer(815301076,1909f56bfc062723c751e8b465ee728b)  -> (artifact id: '6d30afb3ea37613cf90e714d4c133fee') in 0.001842 seconds 
  Import took 0.004667 seconds .

========================================================================
Received Import Request.
  Time since last request: 16.991768 seconds.
  path: Assets/Script/Shot/ShotBase.cs
  artifactKey: Guid(2fda037ea46105843a9177c31ffce984) Importer(815301076,1909f56bfc062723c751e8b465ee728b)
Start importing Assets/Script/Shot/ShotBase.cs using Guid(2fda037ea46105843a9177c31ffce984) Importer(815301076,1909f56bfc062723c751e8b465ee728b)  -> (artifact id: 'ac13def18c11373dce031da37a68bfe2') in 0.002201 seconds 
  Import took 0.005320 seconds .

========================================================================
Received Import Request.
  Time since last request: 0.002090 seconds.
  path: Assets/Script/Shot/ShotBase.cs
  artifactKey: Guid(2fda037ea46105843a9177c31ffce984) Importer(815301076,1909f56bfc062723c751e8b465ee728b)
Start importing Assets/Script/Shot/ShotBase.cs using Guid(2fda037ea46105843a9177c31ffce984) Importer(815301076,1909f56bfc062723c751e8b465ee728b)  -> (artifact id: 'ac13def18c11373dce031da37a68bfe2') in 0.001901 seconds 
  Import took 0.004729 seconds .

========================================================================
Received Import Request.
  Time since last request: 5.410505 seconds.
  path: Assets/Script/Shot/ShotBase.cs
  artifactKey: Guid(2fda037ea46105843a9177c31ffce984) Importer(815301076,1909f56bfc062723c751e8b465ee728b)
Start importing Assets/Script/Shot/ShotBase.cs using Guid(2fda037ea46105843a9177c31ffce984) Importer(815301076,1909f56bfc062723c751e8b465ee728b)  -> (artifact id: 'd8cb5ad053019715ca012c5513137e04') in 0.001926 seconds 
  Import took 0.005264 seconds .

========================================================================
Received Import Request.
  Time since last request: 11.060026 seconds.
  path: Assets/Script/Shot/ShotBase.cs
  artifactKey: Guid(2fda037ea46105843a9177c31ffce984) Importer(815301076,1909f56bfc062723c751e8b465ee728b)
Start importing Assets/Script/Shot/ShotBase.cs using Guid(2fda037ea46105843a9177c31ffce984) Importer(815301076,1909f56bfc062723c751e8b465ee728b)  -> (artifact id: 'eab720b8124aecbd37933f19eda750b5') in 0.001741 seconds 
  Import took 0.004626 seconds .

========================================================================
Received Import Request.
  Time since last request: 0.002272 seconds.
  path: Assets/Script/Shot/ShotBase.cs
  artifactKey: Guid(2fda037ea46105843a9177c31ffce984) Importer(815301076,1909f56bfc062723c751e8b465ee728b)
Start importing Assets/Script/Shot/ShotBase.cs using Guid(2fda037ea46105843a9177c31ffce984) Importer(815301076,1909f56bfc062723c751e8b465ee728b)  -> (artifact id: 'eab720b8124aecbd37933f19eda750b5') in 0.001826 seconds 
  Import took 0.005036 seconds .

========================================================================
Received Import Request.
  Time since last request: 7.223320 seconds.
  path: Assets/Script/Shot/ShotBase.cs
  artifactKey: Guid(2fda037ea46105843a9177c31ffce984) Importer(815301076,1909f56bfc062723c751e8b465ee728b)
Start importing Assets/Script/Shot/ShotBase.cs using Guid(2fda037ea46105843a9177c31ffce984) Importer(815301076,1909f56bfc062723c751e8b465ee728b)  -> (artifact id: 'cc7c4209cec8e6d5c2bb52bf2c706270') in 0.001906 seconds 
  Import took 0.004638 seconds .

========================================================================
Received Import Request.
  Time since last request: 0.002031 seconds.
  path: Assets/Script/Shot/ShotBase.cs
  artifactKey: Guid(2fda037ea46105843a9177c31ffce984) Importer(815301076,1909f56bfc062723c751e8b465ee728b)
Start importing Assets/Script/Shot/ShotBase.cs using Guid(2fda037ea46105843a9177c31ffce984) Importer(815301076,1909f56bfc062723c751e8b465ee728b)  -> (artifact id: 'cc7c4209cec8e6d5c2bb52bf2c706270') in 0.001961 seconds 
  Import took 0.004837 seconds .

========================================================================
Received Import Request.
  Time since last request: 8.590254 seconds.
  path: Assets/Script/Shot/ShotBase.cs
  artifactKey: Guid(2fda037ea46105843a9177c31ffce984) Importer(815301076,1909f56bfc062723c751e8b465ee728b)
Start importing Assets/Script/Shot/ShotBase.cs using Guid(2fda037ea46105843a9177c31ffce984) Importer(815301076,1909f56bfc062723c751e8b465ee728b)  -> (artifact id: 'bdf13790d6f9561214ea4c00ea65972c') in 0.001759 seconds 
  Import took 0.004635 seconds .

========================================================================
Received Import Request.
  Time since last request: 0.002238 seconds.
  path: Assets/Script/Shot/ShotBase.cs
  artifactKey: Guid(2fda037ea46105843a9177c31ffce984) Importer(815301076,1909f56bfc062723c751e8b465ee728b)
Start importing Assets/Script/Shot/ShotBase.cs using Guid(2fda037ea46105843a9177c31ffce984) Importer(815301076,1909f56bfc062723c751e8b465ee728b)  -> (artifact id: 'bdf13790d6f9561214ea4c00ea65972c') in 0.002070 seconds 
  Import took 0.005180 seconds .

========================================================================
Received Import Request.
  Time since last request: 5.494910 seconds.
  path: Assets/Script/Shot/ShotBase.cs
  artifactKey: Guid(2fda037ea46105843a9177c31ffce984) Importer(815301076,1909f56bfc062723c751e8b465ee728b)
Start importing Assets/Script/Shot/ShotBase.cs using Guid(2fda037ea46105843a9177c31ffce984) Importer(815301076,1909f56bfc062723c751e8b465ee728b)  -> (artifact id: '6835f0081278eb6bb35d84f696bf1249') in 0.002196 seconds 
  Import took 0.005271 seconds .

========================================================================
Received Import Request.
  Time since last request: 0.001782 seconds.
  path: Assets/Script/Shot/ShotBase.cs
  artifactKey: Guid(2fda037ea46105843a9177c31ffce984) Importer(815301076,1909f56bfc062723c751e8b465ee728b)
Start importing Assets/Script/Shot/ShotBase.cs using Guid(2fda037ea46105843a9177c31ffce984) Importer(815301076,1909f56bfc062723c751e8b465ee728b)  -> (artifact id: '6835f0081278eb6bb35d84f696bf1249') in 0.002086 seconds 
  Import took 0.004777 seconds .

========================================================================
Received Import Request.
  Time since last request: 7.808353 seconds.
  path: Assets/Script/Shot/ShotBase.cs
  artifactKey: Guid(2fda037ea46105843a9177c31ffce984) Importer(815301076,1909f56bfc062723c751e8b465ee728b)
Start importing Assets/Script/Shot/ShotBase.cs using Guid(2fda037ea46105843a9177c31ffce984) Importer(815301076,1909f56bfc062723c751e8b465ee728b)  -> (artifact id: '03fcaee32a91b1e549fc9f61d6af5ee3') in 0.001963 seconds 
  Import took 0.005188 seconds .

========================================================================
Received Import Request.
  Time since last request: 0.002642 seconds.
  path: Assets/Script/Shot/ShotBase.cs
  artifactKey: Guid(2fda037ea46105843a9177c31ffce984) Importer(815301076,1909f56bfc062723c751e8b465ee728b)
Start importing Assets/Script/Shot/ShotBase.cs using Guid(2fda037ea46105843a9177c31ffce984) Importer(815301076,1909f56bfc062723c751e8b465ee728b)  -> (artifact id: '03fcaee32a91b1e549fc9f61d6af5ee3') in 0.001905 seconds 
  Import took 0.004614 seconds .

========================================================================
Received Import Request.
  Time since last request: 6.423219 seconds.
  path: Assets/Script/Shot/ShotBase.cs
  artifactKey: Guid(2fda037ea46105843a9177c31ffce984) Importer(815301076,1909f56bfc062723c751e8b465ee728b)
Start importing Assets/Script/Shot/ShotBase.cs using Guid(2fda037ea46105843a9177c31ffce984) Importer(815301076,1909f56bfc062723c751e8b465ee728b)  -> (artifact id: 'db62102095e3f3213e5f76a3037e3b45') in 0.002075 seconds 
  Import took 0.004970 seconds .

========================================================================
Received Import Request.
  Time since last request: 0.001804 seconds.
  path: Assets/Script/Shot/ShotBase.cs
  artifactKey: Guid(2fda037ea46105843a9177c31ffce984) Importer(815301076,1909f56bfc062723c751e8b465ee728b)
Start importing Assets/Script/Shot/ShotBase.cs using Guid(2fda037ea46105843a9177c31ffce984) Importer(815301076,1909f56bfc062723c751e8b465ee728b)  -> (artifact id: 'db62102095e3f3213e5f76a3037e3b45') in 0.002497 seconds 
  Import took 0.005518 seconds .

========================================================================
Received Import Request.
  Time since last request: 34.257717 seconds.
  path: Assets/Script/Shot/ShotBase.cs
  artifactKey: Guid(2fda037ea46105843a9177c31ffce984) Importer(815301076,1909f56bfc062723c751e8b465ee728b)
Start importing Assets/Script/Shot/ShotBase.cs using Guid(2fda037ea46105843a9177c31ffce984) Importer(815301076,1909f56bfc062723c751e8b465ee728b)  -> (artifact id: 'cdcbbb1b287e8ded6199ff4cc9abe303') in 0.002236 seconds 
  Import took 0.005267 seconds .

========================================================================
Received Import Request.
  Time since last request: 0.001506 seconds.
  path: Assets/Script/Shot/ShotBase.cs
  artifactKey: Guid(2fda037ea46105843a9177c31ffce984) Importer(815301076,1909f56bfc062723c751e8b465ee728b)
Start importing Assets/Script/Shot/ShotBase.cs using Guid(2fda037ea46105843a9177c31ffce984) Importer(815301076,1909f56bfc062723c751e8b465ee728b)  -> (artifact id: 'cdcbbb1b287e8ded6199ff4cc9abe303') in 0.002028 seconds 
  Import took 0.004914 seconds .

========================================================================
Received Import Request.
  Time since last request: 7.198973 seconds.
  path: Assets/Script/Shot/ShotBase.cs
  artifactKey: Guid(2fda037ea46105843a9177c31ffce984) Importer(815301076,1909f56bfc062723c751e8b465ee728b)
Start importing Assets/Script/Shot/ShotBase.cs using Guid(2fda037ea46105843a9177c31ffce984) Importer(815301076,1909f56bfc062723c751e8b465ee728b)  -> (artifact id: '601741f4773479a9080012223d537715') in 0.001922 seconds 
  Import took 0.005238 seconds .

========================================================================
Received Import Request.
  Time since last request: 0.003166 seconds.
  path: Assets/Script/Shot/ShotBase.cs
  artifactKey: Guid(2fda037ea46105843a9177c31ffce984) Importer(815301076,1909f56bfc062723c751e8b465ee728b)
Start importing Assets/Script/Shot/ShotBase.cs using Guid(2fda037ea46105843a9177c31ffce984) Importer(815301076,1909f56bfc062723c751e8b465ee728b)  -> (artifact id: '601741f4773479a9080012223d537715') in 0.001730 seconds 
  Import took 0.004847 seconds .

========================================================================
Received Import Request.
  Time since last request: 17.582746 seconds.
  path: Assets/Script/Shot/ShotBase.cs
  artifactKey: Guid(2fda037ea46105843a9177c31ffce984) Importer(815301076,1909f56bfc062723c751e8b465ee728b)
Start importing Assets/Script/Shot/ShotBase.cs using Guid(2fda037ea46105843a9177c31ffce984) Importer(815301076,1909f56bfc062723c751e8b465ee728b)  -> (artifact id: '29dba133176a654506baffe8d4b5bea6') in 0.002151 seconds 
  Import took 0.005216 seconds .

========================================================================
Received Import Request.
  Time since last request: 0.001618 seconds.
  path: Assets/Script/Shot/ShotBase.cs
  artifactKey: Guid(2fda037ea46105843a9177c31ffce984) Importer(815301076,1909f56bfc062723c751e8b465ee728b)
Start importing Assets/Script/Shot/ShotBase.cs using Guid(2fda037ea46105843a9177c31ffce984) Importer(815301076,1909f56bfc062723c751e8b465ee728b)  -> (artifact id: '29dba133176a654506baffe8d4b5bea6') in 0.001900 seconds 
  Import took 0.004686 seconds .

========================================================================
Received Import Request.
  Time since last request: 2.123626 seconds.
  path: Assets/Script/Shot/ShotBase.cs
  artifactKey: Guid(2fda037ea46105843a9177c31ffce984) Importer(815301076,1909f56bfc062723c751e8b465ee728b)
Start importing Assets/Script/Shot/ShotBase.cs using Guid(2fda037ea46105843a9177c31ffce984) Importer(815301076,1909f56bfc062723c751e8b465ee728b)  -> (artifact id: 'ef490fc03928fe2de140acb4458d8df8') in 0.001769 seconds 
  Import took 0.004610 seconds .

========================================================================
Received Import Request.
  Time since last request: 0.002263 seconds.
  path: Assets/Script/Shot/ShotBase.cs
  artifactKey: Guid(2fda037ea46105843a9177c31ffce984) Importer(815301076,1909f56bfc062723c751e8b465ee728b)
Start importing Assets/Script/Shot/ShotBase.cs using Guid(2fda037ea46105843a9177c31ffce984) Importer(815301076,1909f56bfc062723c751e8b465ee728b)  -> (artifact id: 'ef490fc03928fe2de140acb4458d8df8') in 0.001727 seconds 
  Import took 0.004530 seconds .

========================================================================
Received Import Request.
  Time since last request: 4.537051 seconds.
  path: Assets/Script/Shot/ShotBase.cs
  artifactKey: Guid(2fda037ea46105843a9177c31ffce984) Importer(815301076,1909f56bfc062723c751e8b465ee728b)
Start importing Assets/Script/Shot/ShotBase.cs using Guid(2fda037ea46105843a9177c31ffce984) Importer(815301076,1909f56bfc062723c751e8b465ee728b)  -> (artifact id: '25ee20ea68e8950dbc06335db2ff48ba') in 0.001798 seconds 
  Import took 0.005161 seconds .

========================================================================
Received Import Request.
  Time since last request: 0.002827 seconds.
  path: Assets/Script/Shot/ShotBase.cs
  artifactKey: Guid(2fda037ea46105843a9177c31ffce984) Importer(815301076,1909f56bfc062723c751e8b465ee728b)
Start importing Assets/Script/Shot/ShotBase.cs using Guid(2fda037ea46105843a9177c31ffce984) Importer(815301076,1909f56bfc062723c751e8b465ee728b)  -> (artifact id: '25ee20ea68e8950dbc06335db2ff48ba') in 0.006155 seconds 
  Import took 0.010045 seconds .

========================================================================
Received Import Request.
  Time since last request: 7.398111 seconds.
  path: Assets/Script/Shot/ShotBase.cs
  artifactKey: Guid(2fda037ea46105843a9177c31ffce984) Importer(815301076,1909f56bfc062723c751e8b465ee728b)
Start importing Assets/Script/Shot/ShotBase.cs using Guid(2fda037ea46105843a9177c31ffce984) Importer(815301076,1909f56bfc062723c751e8b465ee728b)  -> (artifact id: '23dc8eb45cfbe303b79bdf7a7674649d') in 0.002118 seconds 
  Import took 0.004898 seconds .

========================================================================
Received Import Request.
  Time since last request: 0.001980 seconds.
  path: Assets/Script/Shot/ShotBase.cs
  artifactKey: Guid(2fda037ea46105843a9177c31ffce984) Importer(815301076,1909f56bfc062723c751e8b465ee728b)
Start importing Assets/Script/Shot/ShotBase.cs using Guid(2fda037ea46105843a9177c31ffce984) Importer(815301076,1909f56bfc062723c751e8b465ee728b)  -> (artifact id: '23dc8eb45cfbe303b79bdf7a7674649d') in 0.001819 seconds 
  Import took 0.004506 seconds .

========================================================================
Received Import Request.
  Time since last request: 3.930591 seconds.
  path: Assets/Script/Shot/ShotBase.cs
  artifactKey: Guid(2fda037ea46105843a9177c31ffce984) Importer(815301076,1909f56bfc062723c751e8b465ee728b)
Start importing Assets/Script/Shot/ShotBase.cs using Guid(2fda037ea46105843a9177c31ffce984) Importer(815301076,1909f56bfc062723c751e8b465ee728b)  -> (artifact id: '38136bf05668cb247f268f7f24c6fa5b') in 0.002067 seconds 
  Import took 0.006056 seconds .

========================================================================
Received Import Request.
  Time since last request: 0.001216 seconds.
  path: Assets/Script/Shot/ShotBase.cs
  artifactKey: Guid(2fda037ea46105843a9177c31ffce984) Importer(815301076,1909f56bfc062723c751e8b465ee728b)
Start importing Assets/Script/Shot/ShotBase.cs using Guid(2fda037ea46105843a9177c31ffce984) Importer(815301076,1909f56bfc062723c751e8b465ee728b)  -> (artifact id: '38136bf05668cb247f268f7f24c6fa5b') in 0.001992 seconds 
  Import took 0.004989 seconds .

========================================================================
Received Prepare
Registering precompiled user dll's ...
Registered in 0.003386 seconds.
Begin MonoManager ReloadAssembly
Native extension for WindowsStandalone target not found
Native extension for WebGL target not found
Refreshing native plugins compatible for Editor in 0.40 ms, found 3 plugins.
Preloading 0 native plugins for Editor in 0.00 ms.
Mono: successfully reloaded assembly
- Completed reload, in  1.025 seconds
Domain Reload Profiling:
	ReloadAssembly (1026ms)
		BeginReloadAssembly (115ms)
			ExecutionOrderSort (0ms)
			DisableScriptedObjects (6ms)
			BackupInstance (0ms)
			ReleaseScriptingObjects (0ms)
			CreateAndSetChildDomain (36ms)
		EndReloadAssembly (848ms)
			LoadAssemblies (91ms)
			RebuildTransferFunctionScriptingTraits (0ms)
			SetupTypeCache (244ms)
			ReleaseScriptCaches (1ms)
			RebuildScriptCaches (46ms)
			SetupLoadedEditorAssemblies (381ms)
				LogAssemblyErrors (0ms)
				InitializePlatformSupportModulesInManaged (6ms)
				SetLoadedEditorAssemblies (0ms)
				RefreshPlugins (0ms)
				BeforeProcessingInitializeOnLoad (81ms)
				ProcessInitializeOnLoadAttributes (284ms)
				ProcessInitializeOnLoadMethodAttributes (5ms)
				AfterProcessingInitializeOnLoad (5ms)
				EditorAssembliesLoaded (0ms)
			ExecutionOrderSort2 (0ms)
			AwakeInstancesAfterBackupRestoration (10ms)
Platform modules already initialized, skipping
Refreshing native plugins compatible for Editor in 0.42 ms, found 3 plugins.
Preloading 0 native plugins for Editor in 0.00 ms.
Unloading 2087 Unused Serialized files (Serialized files now loaded: 0)
System memory in use before: 92.8 MB.
System memory in use after: 93.0 MB.

Unloading 16 unused Assets to reduce memory usage. Loaded Objects now: 2539.
Total: 2.649000 ms (FindLiveObjects: 0.142400 ms CreateObjectMapping: 0.057600 ms MarkObjects: 2.433500 ms  DeleteObjects: 0.014600 ms)

AssetImportParameters requested are different than current active one (requested -> active):
  custom:framework-win-MediaFoundation: 216162199b28c13a410421893ffa2e32 -> 
  custom:video-decoder-ogg-theora: a1e56fd34408186e4bbccfd4996cb3dc -> 
  custom:container-muxer-webm: aa71ff27fc2769a1b78a27578f13a17b -> 
  custom:container-demuxer-webm: 4f35f7cbe854078d1ac9338744f61a02 -> 
  custom:container-demuxer-ogg: 62fdf1f143b41e24485cea50d1cbac27 -> 
  custom:video-encoder-webm-vp8: eb34c28f22e8b96e1ab97ce403110664 -> 
  custom:video-codec-MediaFoundation-h265: 746d11721c4dcdbdad8f713fa42b33f4 -> 
  custom:video-decoder-webm-vp8: 9c59270c3fd7afecdb556c50c9e8de78 -> 
  custom:audio-decoder-ogg-vorbis: bf7c407c2cedff20999df2af8eb42d56 -> 
  custom:audio-encoder-webm-vorbis: bf7c407c2cedff20999df2af8eb42d56 -> 
========================================================================
Received Import Request.
  Time since last request: 89.943329 seconds.
  path: Assets/Script/Shot/ShotController.cs
  artifactKey: Guid(bab9f9803b8b7494db32b4b74da6a0bf) Importer(815301076,1909f56bfc062723c751e8b465ee728b)
Start importing Assets/Script/Shot/ShotController.cs using Guid(bab9f9803b8b7494db32b4b74da6a0bf) Importer(815301076,1909f56bfc062723c751e8b465ee728b)  -> (artifact id: '6abd2e9da629b36f59541235f8994575') in 0.004385 seconds 
  Import took 0.006982 seconds .

========================================================================
Received Import Request.
  Time since last request: 5.623292 seconds.
  path: Assets/Script/Shot/RangeOutBall.cs
  artifactKey: Guid(bab9f9803b8b7494db32b4b74da6a0bf) Importer(815301076,1909f56bfc062723c751e8b465ee728b)
Start importing Assets/Script/Shot/RangeOutBall.cs using Guid(bab9f9803b8b7494db32b4b74da6a0bf) Importer(815301076,1909f56bfc062723c751e8b465ee728b)  -> (artifact id: '2e8aaf1017d26b17ad9e8a54dc44bc12') in 0.005388 seconds 
  Import took 0.008300 seconds .

========================================================================
Received Prepare
Registering precompiled user dll's ...
Registered in 0.003132 seconds.
Begin MonoManager ReloadAssembly
Native extension for WindowsStandalone target not found
Native extension for WebGL target not found
Refreshing native plugins compatible for Editor in 0.40 ms, found 3 plugins.
Preloading 0 native plugins for Editor in 0.00 ms.
Mono: successfully reloaded assembly
- Completed reload, in  1.021 seconds
Domain Reload Profiling:
	ReloadAssembly (1021ms)
		BeginReloadAssembly (110ms)
			ExecutionOrderSort (0ms)
			DisableScriptedObjects (6ms)
			BackupInstance (0ms)
			ReleaseScriptingObjects (0ms)
			CreateAndSetChildDomain (33ms)
		EndReloadAssembly (841ms)
			LoadAssemblies (87ms)
			RebuildTransferFunctionScriptingTraits (0ms)
			SetupTypeCache (240ms)
			ReleaseScriptCaches (1ms)
			RebuildScriptCaches (43ms)
			SetupLoadedEditorAssemblies (383ms)
				LogAssemblyErrors (0ms)
				InitializePlatformSupportModulesInManaged (5ms)
				SetLoadedEditorAssemblies (0ms)
				RefreshPlugins (0ms)
				BeforeProcessingInitializeOnLoad (83ms)
				ProcessInitializeOnLoadAttributes (284ms)
				ProcessInitializeOnLoadMethodAttributes (5ms)
				AfterProcessingInitializeOnLoad (5ms)
				EditorAssembliesLoaded (0ms)
			ExecutionOrderSort2 (0ms)
			AwakeInstancesAfterBackupRestoration (9ms)
Platform modules already initialized, skipping
Refreshing native plugins compatible for Editor in 0.43 ms, found 3 plugins.
Preloading 0 native plugins for Editor in 0.00 ms.
Unloading 2087 Unused Serialized files (Serialized files now loaded: 0)
System memory in use before: 92.9 MB.
System memory in use after: 93.0 MB.

Unloading 16 unused Assets to reduce memory usage. Loaded Objects now: 2542.
Total: 2.600500 ms (FindLiveObjects: 0.153500 ms CreateObjectMapping: 0.058700 ms MarkObjects: 2.372000 ms  DeleteObjects: 0.015400 ms)

AssetImportParameters requested are different than current active one (requested -> active):
  custom:framework-win-MediaFoundation: 216162199b28c13a410421893ffa2e32 -> 
  custom:video-decoder-ogg-theora: a1e56fd34408186e4bbccfd4996cb3dc -> 
  custom:container-muxer-webm: aa71ff27fc2769a1b78a27578f13a17b -> 
  custom:container-demuxer-webm: 4f35f7cbe854078d1ac9338744f61a02 -> 
  custom:container-demuxer-ogg: 62fdf1f143b41e24485cea50d1cbac27 -> 
  custom:video-encoder-webm-vp8: eb34c28f22e8b96e1ab97ce403110664 -> 
  custom:video-codec-MediaFoundation-h265: 746d11721c4dcdbdad8f713fa42b33f4 -> 
  custom:video-decoder-webm-vp8: 9c59270c3fd7afecdb556c50c9e8de78 -> 
  custom:audio-decoder-ogg-vorbis: bf7c407c2cedff20999df2af8eb42d56 -> 
  custom:audio-encoder-webm-vorbis: bf7c407c2cedff20999df2af8eb42d56 -> 
========================================================================
Received Import Request.
  Time since last request: 8.582440 seconds.
  path: Assets/Script/Shot/ShotManager.cs
  artifactKey: Guid(c57c93d3fb88a5d42bc41d6aa46fc6c0) Importer(815301076,1909f56bfc062723c751e8b465ee728b)
Start importing Assets/Script/Shot/ShotManager.cs using Guid(c57c93d3fb88a5d42bc41d6aa46fc6c0) Importer(815301076,1909f56bfc062723c751e8b465ee728b)  -> (artifact id: '2f5e571399ed1c106f42ad4a238ac5c0') in 0.009047 seconds 
  Import took 0.011939 seconds .

========================================================================
Received Import Request.
  Time since last request: 0.001191 seconds.
  path: Assets/Script/Shot/ShotManager.cs
  artifactKey: Guid(c57c93d3fb88a5d42bc41d6aa46fc6c0) Importer(815301076,1909f56bfc062723c751e8b465ee728b)
Start importing Assets/Script/Shot/ShotManager.cs using Guid(c57c93d3fb88a5d42bc41d6aa46fc6c0) Importer(815301076,1909f56bfc062723c751e8b465ee728b)  -> (artifact id: '2f5e571399ed1c106f42ad4a238ac5c0') in 0.002246 seconds 
  Import took 0.005351 seconds .

========================================================================
Received Prepare
Registering precompiled user dll's ...
Registered in 0.003273 seconds.
Begin MonoManager ReloadAssembly
Native extension for WindowsStandalone target not found
Native extension for WebGL target not found
Refreshing native plugins compatible for Editor in 0.40 ms, found 3 plugins.
Preloading 0 native plugins for Editor in 0.00 ms.
Mono: successfully reloaded assembly
- Completed reload, in  1.023 seconds
Domain Reload Profiling:
	ReloadAssembly (1024ms)
		BeginReloadAssembly (121ms)
			ExecutionOrderSort (0ms)
			DisableScriptedObjects (6ms)
			BackupInstance (0ms)
			ReleaseScriptingObjects (0ms)
			CreateAndSetChildDomain (35ms)
		EndReloadAssembly (835ms)
			LoadAssemblies (90ms)
			RebuildTransferFunctionScriptingTraits (0ms)
			SetupTypeCache (234ms)
			ReleaseScriptCaches (1ms)
			RebuildScriptCaches (44ms)
			SetupLoadedEditorAssemblies (377ms)
				LogAssemblyErrors (0ms)
				InitializePlatformSupportModulesInManaged (6ms)
				SetLoadedEditorAssemblies (0ms)
				RefreshPlugins (0ms)
				BeforeProcessingInitializeOnLoad (80ms)
				ProcessInitializeOnLoadAttributes (280ms)
				ProcessInitializeOnLoadMethodAttributes (4ms)
				AfterProcessingInitializeOnLoad (6ms)
				EditorAssembliesLoaded (0ms)
			ExecutionOrderSort2 (0ms)
			AwakeInstancesAfterBackupRestoration (11ms)
Platform modules already initialized, skipping
Refreshing native plugins compatible for Editor in 0.43 ms, found 3 plugins.
Preloading 0 native plugins for Editor in 0.00 ms.
Unloading 2088 Unused Serialized files (Serialized files now loaded: 0)
System memory in use before: 92.9 MB.
System memory in use after: 93.0 MB.

Unloading 16 unused Assets to reduce memory usage. Loaded Objects now: 2546.
Total: 2.722200 ms (FindLiveObjects: 0.182800 ms CreateObjectMapping: 0.073500 ms MarkObjects: 2.448000 ms  DeleteObjects: 0.017100 ms)

AssetImportParameters requested are different than current active one (requested -> active):
  custom:framework-win-MediaFoundation: 216162199b28c13a410421893ffa2e32 -> 
  custom:video-decoder-ogg-theora: a1e56fd34408186e4bbccfd4996cb3dc -> 
  custom:container-muxer-webm: aa71ff27fc2769a1b78a27578f13a17b -> 
  custom:container-demuxer-webm: 4f35f7cbe854078d1ac9338744f61a02 -> 
  custom:container-demuxer-ogg: 62fdf1f143b41e24485cea50d1cbac27 -> 
  custom:video-encoder-webm-vp8: eb34c28f22e8b96e1ab97ce403110664 -> 
  custom:video-codec-MediaFoundation-h265: 746d11721c4dcdbdad8f713fa42b33f4 -> 
  custom:video-decoder-webm-vp8: 9c59270c3fd7afecdb556c50c9e8de78 -> 
  custom:audio-decoder-ogg-vorbis: bf7c407c2cedff20999df2af8eb42d56 -> 
  custom:audio-encoder-webm-vorbis: bf7c407c2cedff20999df2af8eb42d56 -> 
========================================================================
Received Import Request.
  Time since last request: 11.824259 seconds.
  path: Assets/Script/Shot/ShotManager.cs
  artifactKey: Guid(c57c93d3fb88a5d42bc41d6aa46fc6c0) Importer(815301076,1909f56bfc062723c751e8b465ee728b)
Start importing Assets/Script/Shot/ShotManager.cs using Guid(c57c93d3fb88a5d42bc41d6aa46fc6c0) Importer(815301076,1909f56bfc062723c751e8b465ee728b)  -> (artifact id: '61fbed23487a57f802fc568b6ab59751') in 0.005098 seconds 
  Import took 0.008223 seconds .

========================================================================
Received Import Request.
  Time since last request: 0.001912 seconds.
  path: Assets/Script/Shot/ShotManager.cs
  artifactKey: Guid(c57c93d3fb88a5d42bc41d6aa46fc6c0) Importer(815301076,1909f56bfc062723c751e8b465ee728b)
Start importing Assets/Script/Shot/ShotManager.cs using Guid(c57c93d3fb88a5d42bc41d6aa46fc6c0) Importer(815301076,1909f56bfc062723c751e8b465ee728b)  -> (artifact id: '61fbed23487a57f802fc568b6ab59751') in 0.002067 seconds 
  Import took 0.005236 seconds .

========================================================================
Received Import Request.
  Time since last request: 4.040593 seconds.
  path: Assets/Script/Shot/ShotManager.cs
  artifactKey: Guid(c57c93d3fb88a5d42bc41d6aa46fc6c0) Importer(815301076,1909f56bfc062723c751e8b465ee728b)
Start importing Assets/Script/Shot/ShotManager.cs using Guid(c57c93d3fb88a5d42bc41d6aa46fc6c0) Importer(815301076,1909f56bfc062723c751e8b465ee728b)  -> (artifact id: 'f297e5bc399710fbcf854c8d3be3259e') in 0.001969 seconds 
  Import took 0.004886 seconds .

========================================================================
Received Import Request.
  Time since last request: 0.000915 seconds.
  path: Assets/Script/Shot/ShotManager.cs
  artifactKey: Guid(c57c93d3fb88a5d42bc41d6aa46fc6c0) Importer(815301076,1909f56bfc062723c751e8b465ee728b)
Start importing Assets/Script/Shot/ShotManager.cs using Guid(c57c93d3fb88a5d42bc41d6aa46fc6c0) Importer(815301076,1909f56bfc062723c751e8b465ee728b)  -> (artifact id: 'f297e5bc399710fbcf854c8d3be3259e') in 0.002000 seconds 
  Import took 0.004972 seconds .

========================================================================
Received Import Request.
  Time since last request: 9.373156 seconds.
  path: Assets/Script/Shot/ShotManager.cs
  artifactKey: Guid(c57c93d3fb88a5d42bc41d6aa46fc6c0) Importer(815301076,1909f56bfc062723c751e8b465ee728b)
Start importing Assets/Script/Shot/ShotManager.cs using Guid(c57c93d3fb88a5d42bc41d6aa46fc6c0) Importer(815301076,1909f56bfc062723c751e8b465ee728b)  -> (artifact id: '6232f074d27b7a295cc24e430f7ad784') in 0.002108 seconds 
  Import took 0.005010 seconds .

========================================================================
Received Import Request.
  Time since last request: 3.604710 seconds.
  path: Assets/Script/Shot/ShotManager.cs
  artifactKey: Guid(c57c93d3fb88a5d42bc41d6aa46fc6c0) Importer(815301076,1909f56bfc062723c751e8b465ee728b)
Start importing Assets/Script/Shot/ShotManager.cs using Guid(c57c93d3fb88a5d42bc41d6aa46fc6c0) Importer(815301076,1909f56bfc062723c751e8b465ee728b)  -> (artifact id: '9f1bd6029feae2ea56f9d15b9fbce3c4') in 0.002208 seconds 
  Import took 0.008411 seconds .

========================================================================
Received Prepare
Registering precompiled user dll's ...
Registered in 0.003119 seconds.
Begin MonoManager ReloadAssembly
Native extension for WindowsStandalone target not found
Native extension for WebGL target not found
Refreshing native plugins compatible for Editor in 0.40 ms, found 3 plugins.
Preloading 0 native plugins for Editor in 0.00 ms.
Mono: successfully reloaded assembly
- Completed reload, in  0.992 seconds
Domain Reload Profiling:
	ReloadAssembly (993ms)
		BeginReloadAssembly (115ms)
			ExecutionOrderSort (0ms)
			DisableScriptedObjects (6ms)
			BackupInstance (0ms)
			ReleaseScriptingObjects (0ms)
			CreateAndSetChildDomain (36ms)
		EndReloadAssembly (819ms)
			LoadAssemblies (94ms)
			RebuildTransferFunctionScriptingTraits (0ms)
			SetupTypeCache (234ms)
			ReleaseScriptCaches (1ms)
			RebuildScriptCaches (43ms)
			SetupLoadedEditorAssemblies (358ms)
				LogAssemblyErrors (0ms)
				InitializePlatformSupportModulesInManaged (6ms)
				SetLoadedEditorAssemblies (0ms)
				RefreshPlugins (0ms)
				BeforeProcessingInitializeOnLoad (80ms)
				ProcessInitializeOnLoadAttributes (261ms)
				ProcessInitializeOnLoadMethodAttributes (5ms)
				AfterProcessingInitializeOnLoad (6ms)
				EditorAssembliesLoaded (0ms)
			ExecutionOrderSort2 (0ms)
			AwakeInstancesAfterBackupRestoration (10ms)
Platform modules already initialized, skipping
Refreshing native plugins compatible for Editor in 0.43 ms, found 3 plugins.
Preloading 0 native plugins for Editor in 0.00 ms.
Unloading 2088 Unused Serialized files (Serialized files now loaded: 0)
System memory in use before: 92.9 MB.
System memory in use after: 93.1 MB.

Unloading 16 unused Assets to reduce memory usage. Loaded Objects now: 2549.
Total: 2.638500 ms (FindLiveObjects: 0.141700 ms CreateObjectMapping: 0.055300 ms MarkObjects: 2.424900 ms  DeleteObjects: 0.015800 ms)

AssetImportParameters requested are different than current active one (requested -> active):
  custom:framework-win-MediaFoundation: 216162199b28c13a410421893ffa2e32 -> 
  custom:video-decoder-ogg-theora: a1e56fd34408186e4bbccfd4996cb3dc -> 
  custom:container-muxer-webm: aa71ff27fc2769a1b78a27578f13a17b -> 
  custom:container-demuxer-webm: 4f35f7cbe854078d1ac9338744f61a02 -> 
  custom:container-demuxer-ogg: 62fdf1f143b41e24485cea50d1cbac27 -> 
  custom:video-encoder-webm-vp8: eb34c28f22e8b96e1ab97ce403110664 -> 
  custom:video-codec-MediaFoundation-h265: 746d11721c4dcdbdad8f713fa42b33f4 -> 
  custom:video-decoder-webm-vp8: 9c59270c3fd7afecdb556c50c9e8de78 -> 
  custom:audio-decoder-ogg-vorbis: bf7c407c2cedff20999df2af8eb42d56 -> 
  custom:audio-encoder-webm-vorbis: bf7c407c2cedff20999df2af8eb42d56 -> 
========================================================================
Received Import Request.
  Time since last request: 8.500422 seconds.
  path: Assets/Script/Shot/BallManager.cs
  artifactKey: Guid(c57c93d3fb88a5d42bc41d6aa46fc6c0) Importer(815301076,1909f56bfc062723c751e8b465ee728b)
Start importing Assets/Script/Shot/BallManager.cs using Guid(c57c93d3fb88a5d42bc41d6aa46fc6c0) Importer(815301076,1909f56bfc062723c751e8b465ee728b)  -> (artifact id: '406b36f28ddfd7b670b48b3d34f7d27e') in 0.008756 seconds 
  Import took 0.011760 seconds .

========================================================================
Received Prepare
Registering precompiled user dll's ...
Registered in 0.002976 seconds.
Begin MonoManager ReloadAssembly
Native extension for WindowsStandalone target not found
Native extension for WebGL target not found
Refreshing native plugins compatible for Editor in 0.41 ms, found 3 plugins.
Preloading 0 native plugins for Editor in 0.00 ms.
Mono: successfully reloaded assembly
- Completed reload, in  1.035 seconds
Domain Reload Profiling:
	ReloadAssembly (1035ms)
		BeginReloadAssembly (111ms)
			ExecutionOrderSort (0ms)
			DisableScriptedObjects (6ms)
			BackupInstance (0ms)
			ReleaseScriptingObjects (0ms)
			CreateAndSetChildDomain (31ms)
		EndReloadAssembly (862ms)
			LoadAssemblies (86ms)
			RebuildTransferFunctionScriptingTraits (0ms)
			SetupTypeCache (282ms)
			ReleaseScriptCaches (1ms)
			RebuildScriptCaches (47ms)
			SetupLoadedEditorAssemblies (354ms)
				LogAssemblyErrors (0ms)
				InitializePlatformSupportModulesInManaged (5ms)
				SetLoadedEditorAssemblies (1ms)
				RefreshPlugins (0ms)
				BeforeProcessingInitializeOnLoad (77ms)
				ProcessInitializeOnLoadAttributes (261ms)
				ProcessInitializeOnLoadMethodAttributes (5ms)
				AfterProcessingInitializeOnLoad (5ms)
				EditorAssembliesLoaded (0ms)
			ExecutionOrderSort2 (0ms)
			AwakeInstancesAfterBackupRestoration (10ms)
Platform modules already initialized, skipping
Refreshing native plugins compatible for Editor in 0.40 ms, found 3 plugins.
Preloading 0 native plugins for Editor in 0.00 ms.
Unloading 2088 Unused Serialized files (Serialized files now loaded: 0)
System memory in use before: 92.9 MB.
System memory in use after: 93.1 MB.

Unloading 16 unused Assets to reduce memory usage. Loaded Objects now: 2552.
Total: 2.472400 ms (FindLiveObjects: 0.147000 ms CreateObjectMapping: 0.062800 ms MarkObjects: 2.246600 ms  DeleteObjects: 0.015200 ms)

AssetImportParameters requested are different than current active one (requested -> active):
  custom:framework-win-MediaFoundation: 216162199b28c13a410421893ffa2e32 -> 
  custom:video-decoder-ogg-theora: a1e56fd34408186e4bbccfd4996cb3dc -> 
  custom:container-muxer-webm: aa71ff27fc2769a1b78a27578f13a17b -> 
  custom:container-demuxer-webm: 4f35f7cbe854078d1ac9338744f61a02 -> 
  custom:container-demuxer-ogg: 62fdf1f143b41e24485cea50d1cbac27 -> 
  custom:video-encoder-webm-vp8: eb34c28f22e8b96e1ab97ce403110664 -> 
  custom:video-codec-MediaFoundation-h265: 746d11721c4dcdbdad8f713fa42b33f4 -> 
  custom:video-decoder-webm-vp8: 9c59270c3fd7afecdb556c50c9e8de78 -> 
  custom:audio-decoder-ogg-vorbis: bf7c407c2cedff20999df2af8eb42d56 -> 
  custom:audio-encoder-webm-vorbis: bf7c407c2cedff20999df2af8eb42d56 -> 
========================================================================
Received Import Request.
  Time since last request: 24.130821 seconds.
  path: Assets/Script/Shot/BallManager.cs
  artifactKey: Guid(c57c93d3fb88a5d42bc41d6aa46fc6c0) Importer(815301076,1909f56bfc062723c751e8b465ee728b)
Start importing Assets/Script/Shot/BallManager.cs using Guid(c57c93d3fb88a5d42bc41d6aa46fc6c0) Importer(815301076,1909f56bfc062723c751e8b465ee728b)  -> (artifact id: 'e897b833420b9ecd0ef3a677376c2492') in 0.004415 seconds 
  Import took 0.007213 seconds .

========================================================================
Received Import Request.
  Time since last request: 17.619220 seconds.
  path: Assets/Script/Shot/BallManager.cs
  artifactKey: Guid(c57c93d3fb88a5d42bc41d6aa46fc6c0) Importer(815301076,1909f56bfc062723c751e8b465ee728b)
Start importing Assets/Script/Shot/BallManager.cs using Guid(c57c93d3fb88a5d42bc41d6aa46fc6c0) Importer(815301076,1909f56bfc062723c751e8b465ee728b)  -> (artifact id: '25e04cfcc7dcaa13254cb603bf5f1ad6') in 0.002182 seconds 
  Import took 0.004935 seconds .

========================================================================
Received Import Request.
  Time since last request: 8.583725 seconds.
  path: Assets/Script/Shot/BallManager.cs
  artifactKey: Guid(c57c93d3fb88a5d42bc41d6aa46fc6c0) Importer(815301076,1909f56bfc062723c751e8b465ee728b)
Start importing Assets/Script/Shot/BallManager.cs using Guid(c57c93d3fb88a5d42bc41d6aa46fc6c0) Importer(815301076,1909f56bfc062723c751e8b465ee728b)  -> (artifact id: '3a48cccc86a2255c144a9e5d58bcf521') in 0.002118 seconds 
  Import took 0.004936 seconds .

========================================================================
Received Import Request.
  Time since last request: 4.639037 seconds.
  path: Assets/Script/Shot/BallManager.cs
  artifactKey: Guid(c57c93d3fb88a5d42bc41d6aa46fc6c0) Importer(815301076,1909f56bfc062723c751e8b465ee728b)
Start importing Assets/Script/Shot/BallManager.cs using Guid(c57c93d3fb88a5d42bc41d6aa46fc6c0) Importer(815301076,1909f56bfc062723c751e8b465ee728b)  -> (artifact id: '1982b41a82e199ea14ea54f8c74d07f1') in 0.002155 seconds 
  Import took 0.005635 seconds .

========================================================================
Received Import Request.
  Time since last request: 0.000300 seconds.
  path: Assets/Script/Shot/BallManager.cs
  artifactKey: Guid(c57c93d3fb88a5d42bc41d6aa46fc6c0) Importer(815301076,1909f56bfc062723c751e8b465ee728b)
Start importing Assets/Script/Shot/BallManager.cs using Guid(c57c93d3fb88a5d42bc41d6aa46fc6c0) Importer(815301076,1909f56bfc062723c751e8b465ee728b)  -> (artifact id: '1982b41a82e199ea14ea54f8c74d07f1') in 0.001925 seconds 
  Import took 0.004734 seconds .

========================================================================
Received Import Request.
  Time since last request: 5.613886 seconds.
  path: Assets/Script/Shot/BallManager.cs
  artifactKey: Guid(c57c93d3fb88a5d42bc41d6aa46fc6c0) Importer(815301076,1909f56bfc062723c751e8b465ee728b)
Start importing Assets/Script/Shot/BallManager.cs using Guid(c57c93d3fb88a5d42bc41d6aa46fc6c0) Importer(815301076,1909f56bfc062723c751e8b465ee728b)  -> (artifact id: 'f5475eeb64cd25e6c4a23cb0da0dc3eb') in 0.002022 seconds 
  Import took 0.004946 seconds .

========================================================================
Received Import Request.
  Time since last request: 0.000394 seconds.
  path: Assets/Script/Shot/BallManager.cs
  artifactKey: Guid(c57c93d3fb88a5d42bc41d6aa46fc6c0) Importer(815301076,1909f56bfc062723c751e8b465ee728b)
Start importing Assets/Script/Shot/BallManager.cs using Guid(c57c93d3fb88a5d42bc41d6aa46fc6c0) Importer(815301076,1909f56bfc062723c751e8b465ee728b)  -> (artifact id: 'f5475eeb64cd25e6c4a23cb0da0dc3eb') in 0.002139 seconds 
  Import took 0.005080 seconds .

========================================================================
Received Import Request.
  Time since last request: 5.423271 seconds.
  path: Assets/Script/Shot/BallManager.cs
  artifactKey: Guid(c57c93d3fb88a5d42bc41d6aa46fc6c0) Importer(815301076,1909f56bfc062723c751e8b465ee728b)
Start importing Assets/Script/Shot/BallManager.cs using Guid(c57c93d3fb88a5d42bc41d6aa46fc6c0) Importer(815301076,1909f56bfc062723c751e8b465ee728b)  -> (artifact id: '04f8f6a5ca8d40add281cc423cfef1a1') in 0.001816 seconds 
  Import took 0.004577 seconds .

========================================================================
Received Import Request.
  Time since last request: 3.701539 seconds.
  path: Assets/Script/Shot/BallManager.cs
  artifactKey: Guid(c57c93d3fb88a5d42bc41d6aa46fc6c0) Importer(815301076,1909f56bfc062723c751e8b465ee728b)
Start importing Assets/Script/Shot/BallManager.cs using Guid(c57c93d3fb88a5d42bc41d6aa46fc6c0) Importer(815301076,1909f56bfc062723c751e8b465ee728b)  -> (artifact id: 'b077f419999c1e04ddfe56664aa568b0') in 0.002142 seconds 
  Import took 0.004957 seconds .

========================================================================
Received Import Request.
  Time since last request: 0.000340 seconds.
  path: Assets/Script/Shot/BallManager.cs
  artifactKey: Guid(c57c93d3fb88a5d42bc41d6aa46fc6c0) Importer(815301076,1909f56bfc062723c751e8b465ee728b)
Start importing Assets/Script/Shot/BallManager.cs using Guid(c57c93d3fb88a5d42bc41d6aa46fc6c0) Importer(815301076,1909f56bfc062723c751e8b465ee728b)  -> (artifact id: 'b077f419999c1e04ddfe56664aa568b0') in 0.002471 seconds 
  Import took 0.005505 seconds .

========================================================================
Received Import Request.
  Time since last request: 8.807763 seconds.
  path: Assets/Script/Shot/BallManager.cs
  artifactKey: Guid(c57c93d3fb88a5d42bc41d6aa46fc6c0) Importer(815301076,1909f56bfc062723c751e8b465ee728b)
Start importing Assets/Script/Shot/BallManager.cs using Guid(c57c93d3fb88a5d42bc41d6aa46fc6c0) Importer(815301076,1909f56bfc062723c751e8b465ee728b)  -> (artifact id: 'fc2f6570710987e029185611fb6bc03b') in 0.002139 seconds 
  Import took 0.008360 seconds .

========================================================================
Received Import Request.
  Time since last request: 0.000888 seconds.
  path: Assets/Script/Shot/BallManager.cs
  artifactKey: Guid(c57c93d3fb88a5d42bc41d6aa46fc6c0) Importer(815301076,1909f56bfc062723c751e8b465ee728b)
Start importing Assets/Script/Shot/BallManager.cs using Guid(c57c93d3fb88a5d42bc41d6aa46fc6c0) Importer(815301076,1909f56bfc062723c751e8b465ee728b)  -> (artifact id: 'fc2f6570710987e029185611fb6bc03b') in 0.001791 seconds 
  Import took 0.004324 seconds .

========================================================================
Received Import Request.
  Time since last request: 8.125930 seconds.
  path: Assets/Script/Shot/BallManager.cs
  artifactKey: Guid(c57c93d3fb88a5d42bc41d6aa46fc6c0) Importer(815301076,1909f56bfc062723c751e8b465ee728b)
Start importing Assets/Script/Shot/BallManager.cs using Guid(c57c93d3fb88a5d42bc41d6aa46fc6c0) Importer(815301076,1909f56bfc062723c751e8b465ee728b)  -> (artifact id: 'd03b68311a19943c490c922fd21f1ffa') in 0.002069 seconds 
  Import took 0.005046 seconds .

========================================================================
Received Import Request.
  Time since last request: 10.271247 seconds.
  path: Assets/Script/Shot/BallManager.cs
  artifactKey: Guid(c57c93d3fb88a5d42bc41d6aa46fc6c0) Importer(815301076,1909f56bfc062723c751e8b465ee728b)
Start importing Assets/Script/Shot/BallManager.cs using Guid(c57c93d3fb88a5d42bc41d6aa46fc6c0) Importer(815301076,1909f56bfc062723c751e8b465ee728b)  -> (artifact id: '11495d7865bdef95b59136d26c3028c8') in 0.002248 seconds 
  Import took 0.005268 seconds .

========================================================================
Received Import Request.
  Time since last request: 5.401782 seconds.
  path: Assets/Script/Shot/BallManager.cs
  artifactKey: Guid(c57c93d3fb88a5d42bc41d6aa46fc6c0) Importer(815301076,1909f56bfc062723c751e8b465ee728b)
Start importing Assets/Script/Shot/BallManager.cs using Guid(c57c93d3fb88a5d42bc41d6aa46fc6c0) Importer(815301076,1909f56bfc062723c751e8b465ee728b)  -> (artifact id: 'eaa75a2a8acfd638fe54f12ab8d43268') in 0.002182 seconds 
  Import took 0.005011 seconds .

========================================================================
Received Import Request.
  Time since last request: 0.000786 seconds.
  path: Assets/Script/Shot/BallManager.cs
  artifactKey: Guid(c57c93d3fb88a5d42bc41d6aa46fc6c0) Importer(815301076,1909f56bfc062723c751e8b465ee728b)
Start importing Assets/Script/Shot/BallManager.cs using Guid(c57c93d3fb88a5d42bc41d6aa46fc6c0) Importer(815301076,1909f56bfc062723c751e8b465ee728b)  -> (artifact id: 'eaa75a2a8acfd638fe54f12ab8d43268') in 0.001997 seconds 
  Import took 0.004877 seconds .

========================================================================
Received Import Request.
  Time since last request: 2.712616 seconds.
  path: Assets/Script/Shot/BallManager.cs
  artifactKey: Guid(c57c93d3fb88a5d42bc41d6aa46fc6c0) Importer(815301076,1909f56bfc062723c751e8b465ee728b)
Start importing Assets/Script/Shot/BallManager.cs using Guid(c57c93d3fb88a5d42bc41d6aa46fc6c0) Importer(815301076,1909f56bfc062723c751e8b465ee728b)  -> (artifact id: '85165fe6f0535dc2d5c099822c63d71c') in 0.002303 seconds 
  Import took 0.005774 seconds .

========================================================================
Received Import Request.
  Time since last request: 0.000381 seconds.
  path: Assets/Script/Shot/BallManager.cs
  artifactKey: Guid(c57c93d3fb88a5d42bc41d6aa46fc6c0) Importer(815301076,1909f56bfc062723c751e8b465ee728b)
Start importing Assets/Script/Shot/BallManager.cs using Guid(c57c93d3fb88a5d42bc41d6aa46fc6c0) Importer(815301076,1909f56bfc062723c751e8b465ee728b)  -> (artifact id: '85165fe6f0535dc2d5c099822c63d71c') in 0.002000 seconds 
  Import took 0.004803 seconds .

========================================================================
Received Import Request.
  Time since last request: 6.129371 seconds.
  path: Assets/Script/Shot/BallManager.cs
  artifactKey: Guid(c57c93d3fb88a5d42bc41d6aa46fc6c0) Importer(815301076,1909f56bfc062723c751e8b465ee728b)
Start importing Assets/Script/Shot/BallManager.cs using Guid(c57c93d3fb88a5d42bc41d6aa46fc6c0) Importer(815301076,1909f56bfc062723c751e8b465ee728b)  -> (artifact id: '04e873af87967e7099c434ddd3fda606') in 0.002130 seconds 
  Import took 0.005145 seconds .

========================================================================
Received Import Request.
  Time since last request: 0.000631 seconds.
  path: Assets/Script/Shot/BallManager.cs
  artifactKey: Guid(c57c93d3fb88a5d42bc41d6aa46fc6c0) Importer(815301076,1909f56bfc062723c751e8b465ee728b)
Start importing Assets/Script/Shot/BallManager.cs using Guid(c57c93d3fb88a5d42bc41d6aa46fc6c0) Importer(815301076,1909f56bfc062723c751e8b465ee728b)  -> (artifact id: '04e873af87967e7099c434ddd3fda606') in 0.001834 seconds 
  Import took 0.004573 seconds .

========================================================================
Received Prepare
Registering precompiled user dll's ...
Registered in 0.003818 seconds.
Begin MonoManager ReloadAssembly
Native extension for WindowsStandalone target not found
Native extension for WebGL target not found
Refreshing native plugins compatible for Editor in 0.40 ms, found 3 plugins.
Preloading 0 native plugins for Editor in 0.00 ms.
Mono: successfully reloaded assembly
- Completed reload, in  0.988 seconds
Domain Reload Profiling:
	ReloadAssembly (989ms)
		BeginReloadAssembly (110ms)
			ExecutionOrderSort (0ms)
			DisableScriptedObjects (6ms)
			BackupInstance (0ms)
			ReleaseScriptingObjects (0ms)
			CreateAndSetChildDomain (32ms)
		EndReloadAssembly (819ms)
			LoadAssemblies (93ms)
			RebuildTransferFunctionScriptingTraits (0ms)
			SetupTypeCache (238ms)
			ReleaseScriptCaches (1ms)
			RebuildScriptCaches (44ms)
			SetupLoadedEditorAssemblies (362ms)
				LogAssemblyErrors (0ms)
				InitializePlatformSupportModulesInManaged (6ms)
				SetLoadedEditorAssemblies (0ms)
				RefreshPlugins (0ms)
				BeforeProcessingInitializeOnLoad (78ms)
				ProcessInitializeOnLoadAttributes (266ms)
				ProcessInitializeOnLoadMethodAttributes (5ms)
				AfterProcessingInitializeOnLoad (6ms)
				EditorAssembliesLoaded (0ms)
			ExecutionOrderSort2 (0ms)
			AwakeInstancesAfterBackupRestoration (10ms)
Platform modules already initialized, skipping
Refreshing native plugins compatible for Editor in 0.40 ms, found 3 plugins.
Preloading 0 native plugins for Editor in 0.00 ms.
Unloading 2088 Unused Serialized files (Serialized files now loaded: 0)
System memory in use before: 93.0 MB.
System memory in use after: 93.1 MB.

Unloading 16 unused Assets to reduce memory usage. Loaded Objects now: 2555.
Total: 2.435000 ms (FindLiveObjects: 0.146400 ms CreateObjectMapping: 0.059000 ms MarkObjects: 2.214500 ms  DeleteObjects: 0.014500 ms)

AssetImportParameters requested are different than current active one (requested -> active):
  custom:framework-win-MediaFoundation: 216162199b28c13a410421893ffa2e32 -> 
  custom:video-decoder-ogg-theora: a1e56fd34408186e4bbccfd4996cb3dc -> 
  custom:container-muxer-webm: aa71ff27fc2769a1b78a27578f13a17b -> 
  custom:container-demuxer-webm: 4f35f7cbe854078d1ac9338744f61a02 -> 
  custom:container-demuxer-ogg: 62fdf1f143b41e24485cea50d1cbac27 -> 
  custom:video-encoder-webm-vp8: eb34c28f22e8b96e1ab97ce403110664 -> 
  custom:video-codec-MediaFoundation-h265: 746d11721c4dcdbdad8f713fa42b33f4 -> 
  custom:video-decoder-webm-vp8: 9c59270c3fd7afecdb556c50c9e8de78 -> 
  custom:audio-decoder-ogg-vorbis: bf7c407c2cedff20999df2af8eb42d56 -> 
  custom:audio-encoder-webm-vorbis: bf7c407c2cedff20999df2af8eb42d56 -> 
========================================================================
Received Prepare
Registering precompiled user dll's ...
Registered in 0.003626 seconds.
Begin MonoManager ReloadAssembly
Native extension for WindowsStandalone target not found
Native extension for WebGL target not found
Refreshing native plugins compatible for Editor in 0.44 ms, found 3 plugins.
Preloading 0 native plugins for Editor in 0.00 ms.
Mono: successfully reloaded assembly
- Completed reload, in  1.028 seconds
Domain Reload Profiling:
	ReloadAssembly (1028ms)
		BeginReloadAssembly (130ms)
			ExecutionOrderSort (0ms)
			DisableScriptedObjects (6ms)
			BackupInstance (0ms)
			ReleaseScriptingObjects (0ms)
			CreateAndSetChildDomain (38ms)
		EndReloadAssembly (836ms)
			LoadAssemblies (89ms)
			RebuildTransferFunctionScriptingTraits (0ms)
			SetupTypeCache (268ms)
			ReleaseScriptCaches (1ms)
			RebuildScriptCaches (44ms)
			SetupLoadedEditorAssemblies (353ms)
				LogAssemblyErrors (0ms)
				InitializePlatformSupportModulesInManaged (6ms)
				SetLoadedEditorAssemblies (0ms)
				RefreshPlugins (1ms)
				BeforeProcessingInitializeOnLoad (78ms)
				ProcessInitializeOnLoadAttributes (258ms)
				ProcessInitializeOnLoadMethodAttributes (5ms)
				AfterProcessingInitializeOnLoad (5ms)
				EditorAssembliesLoaded (0ms)
			ExecutionOrderSort2 (0ms)
			AwakeInstancesAfterBackupRestoration (10ms)
Platform modules already initialized, skipping
Refreshing native plugins compatible for Editor in 0.43 ms, found 3 plugins.
Preloading 0 native plugins for Editor in 0.00 ms.
Unloading 2087 Unused Serialized files (Serialized files now loaded: 0)
System memory in use before: 93.0 MB.
System memory in use after: 93.1 MB.

Unloading 17 unused Assets to reduce memory usage. Loaded Objects now: 2557.
Total: 2.601800 ms (FindLiveObjects: 0.141600 ms CreateObjectMapping: 0.056500 ms MarkObjects: 2.387100 ms  DeleteObjects: 0.015800 ms)

AssetImportParameters requested are different than current active one (requested -> active):
  custom:framework-win-MediaFoundation: 216162199b28c13a410421893ffa2e32 -> 
  custom:video-decoder-ogg-theora: a1e56fd34408186e4bbccfd4996cb3dc -> 
  custom:container-muxer-webm: aa71ff27fc2769a1b78a27578f13a17b -> 
  custom:container-demuxer-webm: 4f35f7cbe854078d1ac9338744f61a02 -> 
  custom:container-demuxer-ogg: 62fdf1f143b41e24485cea50d1cbac27 -> 
  custom:video-encoder-webm-vp8: eb34c28f22e8b96e1ab97ce403110664 -> 
  custom:video-codec-MediaFoundation-h265: 746d11721c4dcdbdad8f713fa42b33f4 -> 
  custom:video-decoder-webm-vp8: 9c59270c3fd7afecdb556c50c9e8de78 -> 
  custom:audio-decoder-ogg-vorbis: bf7c407c2cedff20999df2af8eb42d56 -> 
  custom:audio-encoder-webm-vorbis: bf7c407c2cedff20999df2af8eb42d56 -> 
========================================================================
Received Import Request.
  Time since last request: 76.996436 seconds.
  path: Assets/Script/Shot/ShotBase.cs
  artifactKey: Guid(2fda037ea46105843a9177c31ffce984) Importer(815301076,1909f56bfc062723c751e8b465ee728b)
Start importing Assets/Script/Shot/ShotBase.cs using Guid(2fda037ea46105843a9177c31ffce984) Importer(815301076,1909f56bfc062723c751e8b465ee728b)  -> (artifact id: '458d5215d618940650bafc9e0b296fa0') in 0.005098 seconds 
  Import took 0.007878 seconds .

========================================================================
Received Import Request.
  Time since last request: 0.001322 seconds.
  path: Assets/Script/Shot/ShotBase.cs
  artifactKey: Guid(2fda037ea46105843a9177c31ffce984) Importer(815301076,1909f56bfc062723c751e8b465ee728b)
Start importing Assets/Script/Shot/ShotBase.cs using Guid(2fda037ea46105843a9177c31ffce984) Importer(815301076,1909f56bfc062723c751e8b465ee728b)  -> (artifact id: '458d5215d618940650bafc9e0b296fa0') in 0.001845 seconds 
  Import took 0.005339 seconds .

========================================================================
Received Prepare
Registering precompiled user dll's ...
Registered in 0.003039 seconds.
Begin MonoManager ReloadAssembly
Native extension for WindowsStandalone target not found
Native extension for WebGL target not found
Refreshing native plugins compatible for Editor in 0.45 ms, found 3 plugins.
Preloading 0 native plugins for Editor in 0.00 ms.
Mono: successfully reloaded assembly
- Completed reload, in  1.009 seconds
Domain Reload Profiling:
	ReloadAssembly (1010ms)
		BeginReloadAssembly (108ms)
			ExecutionOrderSort (0ms)
			DisableScriptedObjects (6ms)
			BackupInstance (0ms)
			ReleaseScriptingObjects (0ms)
			CreateAndSetChildDomain (36ms)
		EndReloadAssembly (842ms)
			LoadAssemblies (92ms)
			RebuildTransferFunctionScriptingTraits (0ms)
			SetupTypeCache (253ms)
			ReleaseScriptCaches (1ms)
			RebuildScriptCaches (43ms)
			SetupLoadedEditorAssemblies (359ms)
				LogAssemblyErrors (0ms)
				InitializePlatformSupportModulesInManaged (5ms)
				SetLoadedEditorAssemblies (0ms)
				RefreshPlugins (1ms)
				BeforeProcessingInitializeOnLoad (78ms)
				ProcessInitializeOnLoadAttributes (263ms)
				ProcessInitializeOnLoadMethodAttributes (5ms)
				AfterProcessingInitializeOnLoad (5ms)
				EditorAssembliesLoaded (0ms)
			ExecutionOrderSort2 (0ms)
			AwakeInstancesAfterBackupRestoration (11ms)
Platform modules already initialized, skipping
Refreshing native plugins compatible for Editor in 0.48 ms, found 3 plugins.
Preloading 0 native plugins for Editor in 0.00 ms.
Unloading 2087 Unused Serialized files (Serialized files now loaded: 0)
System memory in use before: 93.0 MB.
System memory in use after: 93.1 MB.

Unloading 16 unused Assets to reduce memory usage. Loaded Objects now: 2560.
Total: 2.912100 ms (FindLiveObjects: 0.144900 ms CreateObjectMapping: 0.055400 ms MarkObjects: 2.694500 ms  DeleteObjects: 0.016600 ms)

AssetImportParameters requested are different than current active one (requested -> active):
  custom:framework-win-MediaFoundation: 216162199b28c13a410421893ffa2e32 -> 
  custom:video-decoder-ogg-theora: a1e56fd34408186e4bbccfd4996cb3dc -> 
  custom:container-muxer-webm: aa71ff27fc2769a1b78a27578f13a17b -> 
  custom:container-demuxer-webm: 4f35f7cbe854078d1ac9338744f61a02 -> 
  custom:container-demuxer-ogg: 62fdf1f143b41e24485cea50d1cbac27 -> 
  custom:video-encoder-webm-vp8: eb34c28f22e8b96e1ab97ce403110664 -> 
  custom:video-codec-MediaFoundation-h265: 746d11721c4dcdbdad8f713fa42b33f4 -> 
  custom:video-decoder-webm-vp8: 9c59270c3fd7afecdb556c50c9e8de78 -> 
  custom:audio-decoder-ogg-vorbis: bf7c407c2cedff20999df2af8eb42d56 -> 
  custom:audio-encoder-webm-vorbis: bf7c407c2cedff20999df2af8eb42d56 -> 
========================================================================
Received Import Request.
  Time since last request: 7.276026 seconds.
  path: Assets/Script/Player/PlayerController.cs
  artifactKey: Guid(fb4570797a1a8d5469edbd7c022b3d6b) Importer(815301076,1909f56bfc062723c751e8b465ee728b)
Start importing Assets/Script/Player/PlayerController.cs using Guid(fb4570797a1a8d5469edbd7c022b3d6b) Importer(815301076,1909f56bfc062723c751e8b465ee728b)  -> (artifact id: '5ceddb0a08bdb349fa9a01f57deeefc1') in 0.009068 seconds 
  Import took 0.012238 seconds .

========================================================================
Received Import Request.
  Time since last request: 1.785902 seconds.
  path: Assets/Script/Box/BoxManager.cs
  artifactKey: Guid(82bfd7a7ecbf2374c92b73df683768d2) Importer(815301076,1909f56bfc062723c751e8b465ee728b)
Start importing Assets/Script/Box/BoxManager.cs using Guid(82bfd7a7ecbf2374c92b73df683768d2) Importer(815301076,1909f56bfc062723c751e8b465ee728b)  -> (artifact id: 'e7eaf105955f544217ca4fc93d0c0fa3') in 0.005022 seconds 
  Import took 0.008036 seconds .

========================================================================
Received Import Request.
  Time since last request: 13.236679 seconds.
  path: Assets/Script/Box/BoxManager.cs
  artifactKey: Guid(82bfd7a7ecbf2374c92b73df683768d2) Importer(815301076,1909f56bfc062723c751e8b465ee728b)
Start importing Assets/Script/Box/BoxManager.cs using Guid(82bfd7a7ecbf2374c92b73df683768d2) Importer(815301076,1909f56bfc062723c751e8b465ee728b)  -> (artifact id: 'cf78ad9fd9f4080438d547ea6d760d75') in 0.001969 seconds 
  Import took 0.004790 seconds .

========================================================================
Received Import Request.
  Time since last request: 0.002976 seconds.
  path: Assets/Script/Box/BoxManager.cs
  artifactKey: Guid(82bfd7a7ecbf2374c92b73df683768d2) Importer(815301076,1909f56bfc062723c751e8b465ee728b)
Start importing Assets/Script/Box/BoxManager.cs using Guid(82bfd7a7ecbf2374c92b73df683768d2) Importer(815301076,1909f56bfc062723c751e8b465ee728b)  -> (artifact id: 'cf78ad9fd9f4080438d547ea6d760d75') in 0.001716 seconds 
  Import took 0.004554 seconds .

========================================================================
Received Prepare
Registering precompiled user dll's ...
Registered in 0.003993 seconds.
Begin MonoManager ReloadAssembly
Native extension for WindowsStandalone target not found
Native extension for WebGL target not found
Refreshing native plugins compatible for Editor in 0.40 ms, found 3 plugins.
Preloading 0 native plugins for Editor in 0.00 ms.
Mono: successfully reloaded assembly
- Completed reload, in  1.000 seconds
Domain Reload Profiling:
	ReloadAssembly (1000ms)
		BeginReloadAssembly (105ms)
			ExecutionOrderSort (0ms)
			DisableScriptedObjects (6ms)
			BackupInstance (0ms)
			ReleaseScriptingObjects (0ms)
			CreateAndSetChildDomain (32ms)
		EndReloadAssembly (840ms)
			LoadAssemblies (83ms)
			RebuildTransferFunctionScriptingTraits (0ms)
			SetupTypeCache (261ms)
			ReleaseScriptCaches (1ms)
			RebuildScriptCaches (42ms)
			SetupLoadedEditorAssemblies (365ms)
				LogAssemblyErrors (0ms)
				InitializePlatformSupportModulesInManaged (6ms)
				SetLoadedEditorAssemblies (0ms)
				RefreshPlugins (0ms)
				BeforeProcessingInitializeOnLoad (81ms)
				ProcessInitializeOnLoadAttributes (268ms)
				ProcessInitializeOnLoadMethodAttributes (5ms)
				AfterProcessingInitializeOnLoad (5ms)
				EditorAssembliesLoaded (0ms)
			ExecutionOrderSort2 (0ms)
			AwakeInstancesAfterBackupRestoration (9ms)
Platform modules already initialized, skipping
Refreshing native plugins compatible for Editor in 0.41 ms, found 3 plugins.
Preloading 0 native plugins for Editor in 0.00 ms.
Unloading 2087 Unused Serialized files (Serialized files now loaded: 0)
System memory in use before: 93.0 MB.
System memory in use after: 93.1 MB.

Unloading 16 unused Assets to reduce memory usage. Loaded Objects now: 2563.
Total: 2.607800 ms (FindLiveObjects: 0.146900 ms CreateObjectMapping: 0.058400 ms MarkObjects: 2.388200 ms  DeleteObjects: 0.013600 ms)

AssetImportParameters requested are different than current active one (requested -> active):
  custom:framework-win-MediaFoundation: 216162199b28c13a410421893ffa2e32 -> 
  custom:video-decoder-ogg-theora: a1e56fd34408186e4bbccfd4996cb3dc -> 
  custom:container-muxer-webm: aa71ff27fc2769a1b78a27578f13a17b -> 
  custom:container-demuxer-webm: 4f35f7cbe854078d1ac9338744f61a02 -> 
  custom:container-demuxer-ogg: 62fdf1f143b41e24485cea50d1cbac27 -> 
  custom:video-encoder-webm-vp8: eb34c28f22e8b96e1ab97ce403110664 -> 
  custom:video-codec-MediaFoundation-h265: 746d11721c4dcdbdad8f713fa42b33f4 -> 
  custom:video-decoder-webm-vp8: 9c59270c3fd7afecdb556c50c9e8de78 -> 
  custom:audio-decoder-ogg-vorbis: bf7c407c2cedff20999df2af8eb42d56 -> 
  custom:audio-encoder-webm-vorbis: bf7c407c2cedff20999df2af8eb42d56 -> 
AssetImportWorkerClient::OnTransportError - code=2 error=End of file
